<?xml version="1.0" encoding="UTF-8"?>
<testsuite xmlns:xsi="http://www.w3.org/2001/XMLSchema-instance" xsi:noNamespaceSchemaLocation="https://maven.apache.org/surefire/maven-surefire-plugin/xsd/surefire-test-report.xsd" version="3.0.2" name="account.AccountApplicationTests" time="10.212" tests="1" errors="0" skipped="0" failures="0" flakes="0">
  <properties>
[...]
</properties>
  <testcase name="contextLoads" classname="account.AccountApplicationTests" time="2.291">
    <system-out><![CDATA[12:01:45.122 [main] INFO org.springframework.test.context.support.AnnotationConfigContextLoaderUtils -- Could not detect default configuration classes for test class [account.AccountApplicationTests]: AccountApplicationTests does not declare any static, non-private, non-final, nested classes annotated with @Configuration.
12:01:45.603 [main] INFO org.springframework.boot.test.context.SpringBootTestContextBootstrapper -- Found @SpringBootConfiguration account.AccountApplication for test class account.AccountApplicationTests
12:01:46.045 [main] INFO org.springframework.test.context.support.AnnotationConfigContextLoaderUtils -- Could not detect default configuration classes for test class [account.AccountApplicationTests]: AccountApplicationTests does not declare any static, non-private, non-final, nested classes annotated with @Configuration.
12:01:46.054 [main] INFO org.springframework.boot.test.context.SpringBootTestContextBootstrapper -- Found @SpringBootConfiguration account.AccountApplication for test class account.AccountApplicationTests
12:01:46.469 [main] INFO org.springframework.boot.devtools.restart.RestartApplicationListener -- Restart disabled due to context in which it is running

  .   ____          _            __ _ _
 /\\ / ___'_ __ _ _(_)_ __  __ _ \ \ \ \
( ( )\___ | '_ | '_| | '_ \/ _` | \ \ \ \
 \\/  ___)| |_)| | | | | || (_| |  ) ) ) )
  '  |____| .__|_| |_|_| |_\__, | / / / /
 =========|_|==============|___/=/_/_/_/

 :: Spring Boot ::                (v4.0.7)

2026-07-15T12:01:47.801+05:30  INFO 23776 --- [account] [           main] account.AccountApplicationTests          : Starting AccountApplicationTests using Java 26.0.1 with PID 23776 (started by HP in C:\Users\HP\Desktop\temperory\account)
2026-07-15T12:01:47.806+05:30  INFO 23776 --- [account] [           main] account.AccountApplicationTests          : No active profile set, falling back to 1 default profile: "default"
2026-07-15T12:01:52.222+05:30  INFO 23776 --- [account] [           main] account.AccountApplicationTests          : Started AccountApplicationTests in 5.808 seconds (process running for 10.746)
]]></system-out>
    <system-err><![CDATA[Mockito is currently self-attaching to enable the inline-mock-maker. This will no longer work in future releases of the JDK. Please add Mockito as an agent to your build as described in Mockito's documentation: https://javadoc.io/doc/org.mockito/mockito-core/latest/org.mockito/org/mockito/Mockito.html#0.3
WARNING: A Java agent has been loaded dynamically (C:\Users\HP\.m2\repository\net\bytebuddy\byte-buddy-agent\1.17.8\byte-buddy-agent-1.17.8.jar)
WARNING: If a serviceability tool is in use, please run with -XX:+EnableDynamicAgentLoading to hide this warning
WARNING: If a serviceability tool is not in use, please run with -Djdk.instrument.traceUsage for more information
WARNING: Dynamic loading of agents will be disallowed by default in a future release
]]></system-err>
  </testcase>
</testsuite>